<?xml version="1.0" encoding="UTF-8"?>
<!-- Generated by org.testng.reporters.JUnitXMLReporter -->
<testsuite ignored="0" hostname="marwa-sw" failures="3" tests="12" name="regression test" time="0.158" errors="0" timestamp="2023-05-01T07:40:05 EET">
  <testcase classname="test.Class2" name="Class_02_test_01" time="0.012"/>
  <testcase classname="test.Class2" name="Class_02_test_02" time="0.002"/>
  <testcase classname="test.Class2" name="Class_02_test_03" time="0.001"/>
  <testcase classname="test.Class2" name="Class_02_test_04" time="0.027">
    <failure type="java.lang.AssertionError" message="expected [true] but found [false]">
      <![CDATA[java.lang.AssertionError: expected [true] but found [false]
at test.Class2.Class_02_test_04(Class2.java:24)
at java.base/java.util.ArrayList.forEach(ArrayList.java:1511)
... Removed 35 stack frames]]>
    </failure>
  </testcase> <!-- Class_02_test_04 -->
  <testcase classname="test.Class3" name="Class_03_test_01" time="0.003"/>
  <testcase classname="test.Class3" name="Class_03_test_02" time="0.0"/>
  <testcase classname="test.Class3" name="Class_03_test_03" time="0.001"/>
  <testcase classname="test.Class3" name="Class_03_test_04" time="0.001">
    <failure type="java.lang.AssertionError" message="expected [true] but found [false]">
      <![CDATA[java.lang.AssertionError: expected [true] but found [false]
at test.Class3.Class_03_test_04(Class3.java:24)
at java.base/java.util.ArrayList.forEach(ArrayList.java:1511)
... Removed 35 stack frames]]>
    </failure>
  </testcase> <!-- Class_03_test_04 -->
  <testcase classname="test.Class4" name="Class_04_test_01" time="0.001"/>
  <testcase classname="test.Class4" name="Class_04_test_02" time="0.003"/>
  <testcase classname="test.Class4" name="Class_04_test_03" time="0.002"/>
  <testcase classname="test.Class4" name="Class_04_test_04" time="0.003">
    <failure type="java.lang.AssertionError" message="expected [true] but found [false]">
      <![CDATA[java.lang.AssertionError: expected [true] but found [false]
at test.Class4.Class_04_test_04(Class4.java:24)
at java.base/java.util.ArrayList.forEach(ArrayList.java:1511)
... Removed 35 stack frames]]>
    </failure>
  </testcase> <!-- Class_04_test_04 -->
</testsuite> <!-- regression test -->
